<?xml version="1.0" encoding="UTF-8"?>
<!-- Generated by org.testng.reporters.JUnitReportReporter -->
<testsuite hostname="anurags-MacBook-Air.local" failures="0" tests="1" name="com.anurag.runners.AppRunner" time="16.746" errors="0" timestamp="2023-09-11T16:35:10 IST" skipped="0">
  <testcase classname="com.anurag.runners.AppRunner" name="runScenario" time="16.746"/>
  <system-out/>
</testsuite> <!-- com.anurag.runners.AppRunner -->
