<?xml version="1.0" encoding="UTF-8"?>
<!-- Generated by org.testng.reporters.JUnitReportReporter -->
<testsuite hostname="anurags-MacBook-Air.local" failures="0" tests="1" name="stepDefinition.TesingTestNG" time="14.885" errors="0" timestamp="2023-08-09T16:28:46 IST" skipped="0">
  <testcase classname="stepDefinition.TesingTestNG" name="login" time="14.885"/>
</testsuite> <!-- stepDefinition.TesingTestNG -->
